<?xml version="1.0" encoding="UTF-8"?>
<!-- Generated by org.testng.reporters.JUnitXMLReporter -->
<testsuite hostname="XIPL9722" ignored="0" name="Default test" tests="1" failures="1" timestamp="2021-07-06T21:15:18 IST" time="15.133" errors="0">
  <testcase name="verifyLoginCredentials" time="15.095" classname="demo.AccessibilityTesting">
    <failure type="java.lang.AssertionError" message="Found 8 accessibility violations:
1) ARIA role must be appropriate for the element: https://dequeuniversity.com/rules/axe/3.1/aria-allowed-role?application=axeAPI
  a) [&amp;quot;iframe[title=\&amp;quot;reCAPTCHA\&amp;quot;]&amp;quot;]
    Fix any of the following:
      role presentation  is not allowed for given element


2) Elements must have sufficient color contrast: https://dequeuniversity.com/rules/axe/3.1/color-contrast?application=axeAPI
  a) [&amp;quot;iframe[title=\&amp;quot;reCAPTCHA\&amp;quot;]&amp;quot;,&amp;quot;.rc-anchor-invisible-text &amp;gt; span&amp;quot;]
    Fix any of the following:
      Element has insufficient color contrast of 3.29 (foreground color: #ffffff, background color: #4a90e2, font size: 9.8pt, font weight: normal). Expected contrast ratio of 4.5:1


  b) [&amp;quot;iframe[title=\&amp;quot;reCAPTCHA\&amp;quot;]&amp;quot;,&amp;quot;strong&amp;quot;]
    Fix any of the following:
      Element has insufficient color contrast of 3.29 (foreground color: #ffffff, background color: #4a90e2, font size: 9.8pt, font weight: normal). Expected contrast ratio of 4.5:1


3) Heading levels should only increase by one: https://dequeuniversity.com/rules/axe/3.1/heading-order?application=axeAPI
  a) [&amp;quot;h4&amp;quot;]
    Fix any of the following:
      Heading order invalid


4) &amp;lt;html&amp;gt; element must have a lang attribute: https://dequeuniversity.com/rules/axe/3.1/html-has-lang?application=axeAPI
  a) [&amp;quot;html&amp;quot;]
    Fix any of the following:
      The &amp;lt;html&amp;gt; element does not have a lang attribute


5) Form elements must have labels: https://dequeuniversity.com/rules/axe/3.1/label?application=axeAPI
  a) [&amp;quot;#username&amp;quot;]
    Fix any of the following:
      aria-label attribute does not exist or is empty
      aria-labelledby attribute does not exist, references elements that do not exist or references elements that are empty
      Form element does not have an implicit (wrapped) &amp;lt;label&amp;gt;
      Form element does not have an explicit &amp;lt;label&amp;gt;
      Element has no title attribute or the title attribute is empty


6) Page must have one main landmark: https://dequeuniversity.com/rules/axe/3.1/landmark-one-main?application=axeAPI
  a) [&amp;quot;html&amp;quot;]
    Fix all of the following:
      Page does not have a main landmark


  b) [&amp;quot;iframe[title=\&amp;quot;reCAPTCHA\&amp;quot;]&amp;quot;,&amp;quot;html&amp;quot;]
    Fix all of the following:
      Page does not have a main landmark


7) Page must contain a level-one heading: https://dequeuniversity.com/rules/axe/3.1/page-has-heading-one?application=axeAPI
  a) [&amp;quot;html&amp;quot;]
    Fix all of the following:
      Page must have a level-one heading


  b) [&amp;quot;iframe[title=\&amp;quot;reCAPTCHA\&amp;quot;]&amp;quot;,&amp;quot;html&amp;quot;]
    Fix all of the following:
      Page must have a level-one heading


8) All page content must be contained by landmarks: https://dequeuniversity.com/rules/axe/3.1/region?application=axeAPI
  a) [&amp;quot;html&amp;quot;]
    Fix any of the following:
      Some page content is not contained by landmarks

 expected [true] but found [false]">
      <![CDATA[java.lang.AssertionError: Found 8 accessibility violations:
1) ARIA role must be appropriate for the element: https://dequeuniversity.com/rules/axe/3.1/aria-allowed-role?application=axeAPI
  a) ["iframe[title=\"reCAPTCHA\"]"]
    Fix any of the following:
      role presentation  is not allowed for given element


2) Elements must have sufficient color contrast: https://dequeuniversity.com/rules/axe/3.1/color-contrast?application=axeAPI
  a) ["iframe[title=\"reCAPTCHA\"]",".rc-anchor-invisible-text > span"]
    Fix any of the following:
      Element has insufficient color contrast of 3.29 (foreground color: #ffffff, background color: #4a90e2, font size: 9.8pt, font weight: normal). Expected contrast ratio of 4.5:1


  b) ["iframe[title=\"reCAPTCHA\"]","strong"]
    Fix any of the following:
      Element has insufficient color contrast of 3.29 (foreground color: #ffffff, background color: #4a90e2, font size: 9.8pt, font weight: normal). Expected contrast ratio of 4.5:1


3) Heading levels should only increase by one: https://dequeuniversity.com/rules/axe/3.1/heading-order?application=axeAPI
  a) ["h4"]
    Fix any of the following:
      Heading order invalid


4) <html> element must have a lang attribute: https://dequeuniversity.com/rules/axe/3.1/html-has-lang?application=axeAPI
  a) ["html"]
    Fix any of the following:
      The <html> element does not have a lang attribute


5) Form elements must have labels: https://dequeuniversity.com/rules/axe/3.1/label?application=axeAPI
  a) ["#username"]
    Fix any of the following:
      aria-label attribute does not exist or is empty
      aria-labelledby attribute does not exist, references elements that do not exist or references elements that are empty
      Form element does not have an implicit (wrapped) <label>
      Form element does not have an explicit <label>
      Element has no title attribute or the title attribute is empty


6) Page must have one main landmark: https://dequeuniversity.com/rules/axe/3.1/landmark-one-main?application=axeAPI
  a) ["html"]
    Fix all of the following:
      Page does not have a main landmark


  b) ["iframe[title=\"reCAPTCHA\"]","html"]
    Fix all of the following:
      Page does not have a main landmark


7) Page must contain a level-one heading: https://dequeuniversity.com/rules/axe/3.1/page-has-heading-one?application=axeAPI
  a) ["html"]
    Fix all of the following:
      Page must have a level-one heading


  b) ["iframe[title=\"reCAPTCHA\"]","html"]
    Fix all of the following:
      Page must have a level-one heading


8) All page content must be contained by landmarks: https://dequeuniversity.com/rules/axe/3.1/region?application=axeAPI
  a) ["html"]
    Fix any of the following:
      Some page content is not contained by landmarks

 expected [true] but found [false]
at org.testng.Assert.fail(Assert.java:99)
at org.testng.Assert.failNotEquals(Assert.java:1037)
at org.testng.Assert.assertTrue(Assert.java:45)
at demo.AccessibilityTesting.verifyLoginCredentials(AccessibilityTesting.java:50)
at sun.reflect.NativeMethodAccessorImpl.invoke0(Native Method)
at sun.reflect.NativeMethodAccessorImpl.invoke(NativeMethodAccessorImpl.java:62)
at sun.reflect.DelegatingMethodAccessorImpl.invoke(DelegatingMethodAccessorImpl.java:43)
at java.lang.reflect.Method.invoke(Method.java:498)
at org.testng.internal.MethodInvocationHelper.invokeMethod(MethodInvocationHelper.java:132)
at org.testng.internal.TestInvoker.invokeMethod(TestInvoker.java:599)
at org.testng.internal.TestInvoker.invokeTestMethod(TestInvoker.java:174)
at org.testng.internal.MethodRunner.runInSequence(MethodRunner.java:46)
at org.testng.internal.TestInvoker$MethodInvocationAgent.invoke(TestInvoker.java:822)
at org.testng.internal.TestInvoker.invokeTestMethods(TestInvoker.java:147)
at org.testng.internal.TestMethodWorker.invokeTestMethods(TestMethodWorker.java:146)
at org.testng.internal.TestMethodWorker.run(TestMethodWorker.java:128)
at java.util.ArrayList.forEach(ArrayList.java:1257)
at org.testng.TestRunner.privateRun(TestRunner.java:764)
at org.testng.TestRunner.run(TestRunner.java:585)
at org.testng.SuiteRunner.runTest(SuiteRunner.java:384)
at org.testng.SuiteRunner.runSequentially(SuiteRunner.java:378)
at org.testng.SuiteRunner.privateRun(SuiteRunner.java:337)
at org.testng.SuiteRunner.run(SuiteRunner.java:286)
at org.testng.SuiteRunnerWorker.runSuite(SuiteRunnerWorker.java:53)
at org.testng.SuiteRunnerWorker.run(SuiteRunnerWorker.java:96)
at org.testng.TestNG.runSuitesSequentially(TestNG.java:1218)
at org.testng.TestNG.runSuitesLocally(TestNG.java:1140)
at org.testng.TestNG.runSuites(TestNG.java:1069)
at org.testng.TestNG.run(TestNG.java:1037)
at org.testng.remote.AbstractRemoteTestNG.run(AbstractRemoteTestNG.java:115)
at org.testng.remote.RemoteTestNG.initAndRun(RemoteTestNG.java:251)
at org.testng.remote.RemoteTestNG.main(RemoteTestNG.java:77)
]]>
    </failure>
  </testcase> <!-- verifyLoginCredentials -->
</testsuite> <!-- Default test -->
