<?xml version="1.0" encoding="UTF-8"?>
<testng-results skipped="0" failed="0" ignored="0" total="1" passed="1">
  <reporter-output>
  </reporter-output>
  <suite name="Default suite" duration-ms="8838" started-at="2021-09-15T09:17:23 IST" finished-at="2021-09-15T09:17:32 IST">
    <groups>
    </groups>
    <test name="Default test" duration-ms="8838" started-at="2021-09-15T09:17:23 IST" finished-at="2021-09-15T09:17:32 IST">
      <class name="demo.Report1">
        <test-method status="PASS" signature="testReport()[pri:0, instance:demo.Report1@2d6eabae]" name="testReport" duration-ms="8809" started-at="2021-09-15T09:17:23 IST" finished-at="2021-09-15T09:17:32 IST">
          <reporter-output>
          </reporter-output>
        </test-method> <!-- testReport -->
      </class> <!-- demo.Report1 -->
    </test> <!-- Default test -->
  </suite> <!-- Default suite -->
</testng-results>
